  Checking Build System
  CMake is re-running because P:/working area/opencpn/odraw/build-win17/CMakeFiles/generate.stamp is out-of-date.
    the file 'P:/working area/opencpn/odraw/CMakeLists.txt'
    is newer than 'P:/working area/opencpn/odraw/build-win17/CMakeFiles/generate.stamp.depend'
    result='-1'
  -- Build type: 
  -- CMAKE version: 3.5.1
  -- *** Staging to build ocpn_draw_pi ***
  -- Found OpenGL...
  --     Lib: glu32opengl32
  --     Include: 
  -- SVG support enabled...
  -- Building with embedded tinyxml
  -- *** Will install to C:/Program Files (x86)/ocpn_draw_pi  ***
  -- Install Prefix: C:/Program Files (x86)/ocpn_draw_pi
  -- Install Data: plugins\\ocpn_draw_pi
  -- Install Data: C:/ProgramData/plugins/ocpn_draw_pi
  -- Starting POTFILE generation
  -- Install language files to: share/locale/da_DK/LC_MESSAGES renamed to: opencpn-ocpn_draw_pi.mo
  -- Install language files to: share/locale/it_IT/LC_MESSAGES renamed to: opencpn-ocpn_draw_pi.mo
  -- Install language files to: share/locale/nb_NO/LC_MESSAGES renamed to: opencpn-ocpn_draw_pi.mo
  -- Install language files to: share/locale/tr_TR/LC_MESSAGES renamed to: opencpn-ocpn_draw_pi.mo
  -- Install language files to: share/locale/pt_PT/LC_MESSAGES renamed to: opencpn-ocpn_draw_pi.mo
  -- Install language files to: share/locale/ca_ES/LC_MESSAGES renamed to: opencpn-ocpn_draw_pi.mo
  -- Install language files to: share/locale/fil_PH/LC_MESSAGES renamed to: opencpn-ocpn_draw_pi.mo
  -- Install language files to: share/locale/de_DE/LC_MESSAGES renamed to: opencpn-ocpn_draw_pi.mo
  -- Install language files to: share/locale/fr_FR/LC_MESSAGES renamed to: opencpn-ocpn_draw_pi.mo
  -- Install language files to: share/locale/ro_RO/LC_MESSAGES renamed to: opencpn-ocpn_draw_pi.mo
  -- Install language files to: share/locale/ja_JP/LC_MESSAGES renamed to: opencpn-ocpn_draw_pi.mo
  -- Install language files to: share/locale/es_ES/LC_MESSAGES renamed to: opencpn-ocpn_draw_pi.mo
  -- Install language files to: share/locale/vi_VN/LC_MESSAGES renamed to: opencpn-ocpn_draw_pi.mo
  -- Install language files to: share/locale/et_EE/LC_MESSAGES renamed to: opencpn-ocpn_draw_pi.mo
  -- Install language files to: share/locale/nl_NL/LC_MESSAGES renamed to: opencpn-ocpn_draw_pi.mo
  -- Install language files to: share/locale/sv_SE/LC_MESSAGES renamed to: opencpn-ocpn_draw_pi.mo
  -- Install language files to: share/locale/pt_BR/LC_MESSAGES renamed to: opencpn-ocpn_draw_pi.mo
  -- Install language files to: share/locale/gl_ES/LC_MESSAGES renamed to: opencpn-ocpn_draw_pi.mo
  -- Install language files to: share/locale/id_ID/LC_MESSAGES renamed to: opencpn-ocpn_draw_pi.mo
  -- Install language files to: share/locale/cs_CZ/LC_MESSAGES renamed to: opencpn-ocpn_draw_pi.mo
  -- Install language files to: share/locale/ru_RU/LC_MESSAGES renamed to: opencpn-ocpn_draw_pi.mo
  -- Install language files to: share/locale/hi_IN/LC_MESSAGES renamed to: opencpn-ocpn_draw_pi.mo
  -- Install language files to: share/locale/pl_PL/LC_MESSAGES renamed to: opencpn-ocpn_draw_pi.mo
  -- Install language files to: share/locale/el_GR/LC_MESSAGES renamed to: opencpn-ocpn_draw_pi.mo
  -- Install language files to: share/locale/ar_SA/LC_MESSAGES renamed to: opencpn-ocpn_draw_pi.mo
  -- Install language files to: share/locale/fi_FI/LC_MESSAGES renamed to: opencpn-ocpn_draw_pi.mo
  -- Install language files to: share/locale/hu_HU/LC_MESSAGES renamed to: opencpn-ocpn_draw_pi.mo
  -- Install language files to: share/locale/mr_IN/LC_MESSAGES renamed to: opencpn-ocpn_draw_pi.mo
  -- Install language files to: share/locale/th_TH/LC_MESSAGES renamed to: opencpn-ocpn_draw_pi.mo
  -- Install language files to: share/locale/zh_TW/LC_MESSAGES renamed to: opencpn-ocpn_draw_pi.mo
  -- Configuring done
  -- Generating done
  -- Build files have been written to: P:/working area/opencpn/odraw/build-win17
