  Building Custom Rule P:/working area/opencpn/odraw/CMakeLists.txt
  CMake is re-running because P:/working area/opencpn/odraw/build-win17-qemu/CMakeFiles/generate.stamp is out-of-date.
    the file 'P:/working area/opencpn/odraw/po/POTFILES.in.test'
    is newer than 'P:/working area/opencpn/odraw/build-win17-qemu/CMakeFiles/generate.stamp.depend'
    result='-1'
  -- Build type: Release
  -- CMAKE version: 3.10.1
  -- *** Staging to build ocpn_draw_pi ***
  -- Found OpenGL...
  --     Lib: opengl32glu32
  --     Include: 
  -- SVG support enabled...
  -- Building with embedded tinyxml
  -- *** Will install to C:/Program Files (x86)/ocpn_draw_pi  ***
  -- Install Prefix: C:/Program Files (x86)/ocpn_draw_pi
  -- Install Data: plugins\\ocpn_draw_pi
  -- Install Data: C:/ProgramData/plugins/ocpn_draw_pi
  -- Starting POTFILE generation
  -- Install language files to: share/locale/ar_SA/LC_MESSAGES renamed to: opencpn-ocpn_draw_pi.mo
  -- Install language files to: share/locale/ca_ES/LC_MESSAGES renamed to: opencpn-ocpn_draw_pi.mo
  -- Install language files to: share/locale/cs_CZ/LC_MESSAGES renamed to: opencpn-ocpn_draw_pi.mo
  -- Install language files to: share/locale/da_DK/LC_MESSAGES renamed to: opencpn-ocpn_draw_pi.mo
  -- Install language files to: share/locale/de_DE/LC_MESSAGES renamed to: opencpn-ocpn_draw_pi.mo
  -- Install language files to: share/locale/el_GR/LC_MESSAGES renamed to: opencpn-ocpn_draw_pi.mo
  -- Install language files to: share/locale/es_ES/LC_MESSAGES renamed to: opencpn-ocpn_draw_pi.mo
  -- Install language files to: share/locale/et_EE/LC_MESSAGES renamed to: opencpn-ocpn_draw_pi.mo
  -- Install language files to: share/locale/fi_FI/LC_MESSAGES renamed to: opencpn-ocpn_draw_pi.mo
  -- Install language files to: share/locale/fil_PH/LC_MESSAGES renamed to: opencpn-ocpn_draw_pi.mo
  -- Install language files to: share/locale/fr_FR/LC_MESSAGES renamed to: opencpn-ocpn_draw_pi.mo
  -- Install language files to: share/locale/gl_ES/LC_MESSAGES renamed to: opencpn-ocpn_draw_pi.mo
  -- Install language files to: share/locale/hi_IN/LC_MESSAGES renamed to: opencpn-ocpn_draw_pi.mo
  -- Install language files to: share/locale/hu_HU/LC_MESSAGES renamed to: opencpn-ocpn_draw_pi.mo
  -- Install language files to: share/locale/id_ID/LC_MESSAGES renamed to: opencpn-ocpn_draw_pi.mo
  -- Install language files to: share/locale/it_IT/LC_MESSAGES renamed to: opencpn-ocpn_draw_pi.mo
  -- Install language files to: share/locale/ja_JP/LC_MESSAGES renamed to: opencpn-ocpn_draw_pi.mo
  -- Install language files to: share/locale/mr_IN/LC_MESSAGES renamed to: opencpn-ocpn_draw_pi.mo
  -- Install language files to: share/locale/nb_NO/LC_MESSAGES renamed to: opencpn-ocpn_draw_pi.mo
  -- Install language files to: share/locale/nl_NL/LC_MESSAGES renamed to: opencpn-ocpn_draw_pi.mo
  -- Install language files to: share/locale/pl_PL/LC_MESSAGES renamed to: opencpn-ocpn_draw_pi.mo
  -- Install language files to: share/locale/pt_BR/LC_MESSAGES renamed to: opencpn-ocpn_draw_pi.mo
  -- Install language files to: share/locale/pt_PT/LC_MESSAGES renamed to: opencpn-ocpn_draw_pi.mo
  -- Install language files to: share/locale/ro_RO/LC_MESSAGES renamed to: opencpn-ocpn_draw_pi.mo
  -- Install language files to: share/locale/ru_RU/LC_MESSAGES renamed to: opencpn-ocpn_draw_pi.mo
  -- Install language files to: share/locale/sv_SE/LC_MESSAGES renamed to: opencpn-ocpn_draw_pi.mo
  -- Install language files to: share/locale/th_TH/LC_MESSAGES renamed to: opencpn-ocpn_draw_pi.mo
  -- Install language files to: share/locale/tr_TR/LC_MESSAGES renamed to: opencpn-ocpn_draw_pi.mo
  -- Install language files to: share/locale/vi_VN/LC_MESSAGES renamed to: opencpn-ocpn_draw_pi.mo
  -- Install language files to: share/locale/zh_TW/LC_MESSAGES renamed to: opencpn-ocpn_draw_pi.mo
  -- Configuring done
  -- Generating done
  -- Build files have been written to: P:/working area/opencpn/odraw/build-win17-qemu
  Microsoft (R) C/C++ Optimizing Compiler Version 19.12.25831 for x86
  Copyright (C) Microsoft Corporation.  All rights reserved.
  
  cl /c /I"P:\working area\opencpn\odraw\ocpnsrc\bitmaps" /I"P:\working area\opencpn\odraw\ocpnsrc\lz4" /I"P:\working area\opencpn\odraw\ocpninclude\wxcurl\include" /I"P:\working area\opencpn\odraw\ocpninclude\wxcurl" /I"P:\working area\opencpn\odraw\extinclude" /I"P:\working area\opencpn\odraw\ocpninclude" /I"P:\working area\opencpn\odraw\src\mygdal" /I"P:\working area\opencpn\odraw\build-win17-qemu\CMakeFiles\include" /I"P:\working area\opencpn\odraw\include" /I"P:\working area\opencpn\odraw\src" /I"C:\wxWidgets-3.0.2\lib\vc_dll\mswu" /I"C:\wxWidgets-3.0.2\include" /I"P:\working area\opencpn\odraw\src\tinyxml" /Zi /W3 /WX- /diagnostics:classic /Od /Ob0 /Oy- /D WIN32 /D _WINDOWS /D __MSVC__ /D _CRT_NONSTDC_NO_DEPRECATE /D _CRT_SECURE_NO_DEPRECATE /D WXUSINGDLL /D UNICODE /D _UNICODE /D ocpnUSE_GL /D USE_S57 /D ODraw_USE_SVG /D TIXML_USE_STL /D "CMAKE_INTDIR=\"Debug\"" /D ocpn_draw_pi_EXPORTS /D _WINDLL /D _UNICODE /D UNICODE /Gm- /EHsc /RTC1 /MDd /GS /fp:precise /Zc:wchar_t /Zc:forScope /Zc:inline /GR /Fo"ocpn_draw_pi.dir\Debug\\" /Fd"ocpn_draw_pi.dir\Debug\vc141.pdb" /Gd /TP /analyze- /errorReport:prompt "P:\working area\opencpn\odraw\src\ODPositionParser.cpp"
  
  ODPositionParser.cpp
C:\wxWidgets-3.0.2\include\wx/strvararg.h(352): warning C4996: 'std::tr1': warning STL4002: The non-Standard std::tr1 namespace and TR1-only machinery are deprecated and will be REMOVED. You can define _SILENCE_TR1_NAMESPACE_DEPRECATION_WARNING to acknowledge that you have received this warning.
  C:\Program Files (x86)\Microsoft Visual Studio\2017\Community\VC\Tools\MSVC\14.12.25827\include\ios(357): note: see declaration of 'std::tr1'
  C:\wxWidgets-3.0.2\include\wx/strvararg.h(355): note: see reference to class template instantiation 'wxFormatStringSpecifier<T>' being compiled
     Creating library P:/working area/opencpn/odraw/build-win17-qemu/Debug/ocpn_draw_pi.lib and object P:/working area/opencpn/odraw/build-win17-qemu/Debug/ocpn_draw_pi.exp
  ocpn_draw_pi.vcxproj -> P:\working area\opencpn\odraw\build-win17-qemu\Debug\ocpn_draw_pi.dll
