  ocpn_draw-i18n [da_DK]: Created mo file.
  ocpn_draw-i18n [it_IT]: Created mo file.
  ocpn_draw-i18n [nb_NO]: Created mo file.
  ocpn_draw-i18n [tr_TR]: Created mo file.
  ocpn_draw-i18n [pt_PT]: Created mo file.
  ocpn_draw-i18n [ca_ES]: Created mo file.
  ocpn_draw-i18n [fil_PH]: Created mo file.
  ocpn_draw-i18n [de_DE]: Created mo file.
  ocpn_draw-i18n [fr_FR]: Created mo file.
  ocpn_draw-i18n [ro_RO]: Created mo file.
  ocpn_draw-i18n [ja_JP]: Created mo file.
  ocpn_draw-i18n [es_ES]: Created mo file.
  ocpn_draw-i18n [vi_VN]: Created mo file.
  ocpn_draw-i18n [et_EE]: Created mo file.
  ocpn_draw-i18n [nl_NL]: Created mo file.
  ocpn_draw-i18n [sv_SE]: Created mo file.
  ocpn_draw-i18n [pt_BR]: Created mo file.
  ocpn_draw-i18n [gl_ES]: Created mo file.
  ocpn_draw-i18n [id_ID]: Created mo file.
  ocpn_draw-i18n [cs_CZ]: Created mo file.
  ocpn_draw-i18n [ru_RU]: Created mo file.
  ocpn_draw-i18n [hi_IN]: Created mo file.
  ocpn_draw-i18n [pl_PL]: Created mo file.
  ocpn_draw-i18n [el_GR]: Created mo file.
  ocpn_draw-i18n [ar_SA]: Created mo file.
  ocpn_draw-i18n [fi_FI]: Created mo file.
  ocpn_draw-i18n [hu_HU]: Created mo file.
  ocpn_draw-i18n [mr_IN]: Created mo file.
  ocpn_draw-i18n [th_TH]: Created mo file.
  ocpn_draw-i18n [zh_TW]: Created mo file.
  ocpn_draw_pi-i18n: Done.
